<?xml version="1.0" encoding="UTF-8" ?>
<testsuite failures="0" time="0.031" errors="0" skipped="0" tests="7" name="com.servpet.beans.RegistroClienteManagedBeanTest">
  <properties>
[...]
</properties>
  <testcase time="0.026" classname="com.servpet.beans.RegistroClienteManagedBeanTest" name="testSetDireccion"/>
  <testcase time="0" classname="com.servpet.beans.RegistroClienteManagedBeanTest" name="testSetPassword"/>
  <testcase time="0.001" classname="com.servpet.beans.RegistroClienteManagedBeanTest" name="testSetApellido"/>
  <testcase time="0" classname="com.servpet.beans.RegistroClienteManagedBeanTest" name="testSetRolcliente"/>
  <testcase time="0" classname="com.servpet.beans.RegistroClienteManagedBeanTest" name="testSetEmail"/>
  <testcase time="0.001" classname="com.servpet.beans.RegistroClienteManagedBeanTest" name="testSetCedula"/>
  <testcase time="0" classname="com.servpet.beans.RegistroClienteManagedBeanTest" name="testSetNombre"/>
</testsuite>